<?xml version="1.0" encoding="UTF-8"?>
<!-- Generated by org.testng.reporters.JUnitReportReporter -->
<testsuite skipped="0" hostname="LAPTOP-EMLH34V8" name="AutomationFramework.TC_TestNGCommBank" tests="1" failures="0" timestamp="11 Nov 2020 14:51:58 GMT" time="22.327" errors="0">
  <testcase name="TC_TravelMoneyOverseas" time="22.327" classname="AutomationFramework.TC_TestNGCommBank"/>
</testsuite> <!-- AutomationFramework.TC_TestNGCommBank -->
